{"E:\\UNQui\\CA Trabajo de Insercion Profesional\\mates4everWrong\\mates4ever\\cypress\\e2e\\integrations\\allTest.cy.js": {"path":"E:\\UNQui\\CA Trabajo de Insercion Profesional\\mates4everWrong\\mates4ever\\cypress\\e2e\\integrations\\allTest.cy.js","statementMap":{"0":{"start":{"line":2,"column":0},"end":{"line":19,"column":2}},"1":{"start":{"line":3,"column":4},"end":{"line":6,"column":6}},"2":{"start":{"line":4,"column":8},"end":{"line":4,"column":93}},"3":{"start":{"line":5,"column":8},"end":{"line":5,"column":28}},"4":{"start":{"line":7,"column":4},"end":{"line":18,"column":6}},"5":{"start":{"line":8,"column":8},"end":{"line":8,"column":88}},"6":{"start":{"line":9,"column":8},"end":{"line":9,"column":51}},"7":{"start":{"line":10,"column":8},"end":{"line":10,"column":24}},"8":{"start":{"line":11,"column":8},"end":{"line":11,"column":52}},"9":{"start":{"line":12,"column":8},"end":{"line":12,"column":64}},"10":{"start":{"line":13,"column":8},"end":{"line":13,"column":68}},"11":{"start":{"line":14,"column":8},"end":{"line":14,"column":60}},"12":{"start":{"line":15,"column":8},"end":{"line":15,"column":87}},"13":{"start":{"line":16,"column":8},"end":{"line":16,"column":50}},"14":{"start":{"line":17,"column":8},"end":{"line":17,"column":24}},"15":{"start":{"line":21,"column":0},"end":{"line":31,"column":2}},"16":{"start":{"line":22,"column":4},"end":{"line":26,"column":6}},"17":{"start":{"line":23,"column":8},"end":{"line":23,"column":98}},"18":{"start":{"line":24,"column":8},"end":{"line":24,"column":28}},"19":{"start":{"line":25,"column":8},"end":{"line":25,"column":51}},"20":{"start":{"line":27,"column":4},"end":{"line":30,"column":6}},"21":{"start":{"line":28,"column":8},"end":{"line":28,"column":28}},"22":{"start":{"line":29,"column":8},"end":{"line":29,"column":69}},"23":{"start":{"line":34,"column":0},"end":{"line":73,"column":2}},"24":{"start":{"line":35,"column":4},"end":{"line":40,"column":6}},"25":{"start":{"line":36,"column":8},"end":{"line":36,"column":96}},"26":{"start":{"line":37,"column":8},"end":{"line":37,"column":28}},"27":{"start":{"line":38,"column":8},"end":{"line":38,"column":51}},"28":{"start":{"line":39,"column":8},"end":{"line":39,"column":27}},"29":{"start":{"line":41,"column":4},"end":{"line":48,"column":6}},"30":{"start":{"line":43,"column":8},"end":{"line":43,"column":26}},"31":{"start":{"line":45,"column":8},"end":{"line":45,"column":23}},"32":{"start":{"line":47,"column":8},"end":{"line":47,"column":27}},"33":{"start":{"line":49,"column":4},"end":{"line":53,"column":6}},"34":{"start":{"line":50,"column":8},"end":{"line":50,"column":56}},"35":{"start":{"line":51,"column":8},"end":{"line":51,"column":57}},"36":{"start":{"line":52,"column":8},"end":{"line":52,"column":57}},"37":{"start":{"line":54,"column":4},"end":{"line":59,"column":6}},"38":{"start":{"line":56,"column":8},"end":{"line":56,"column":57}},"39":{"start":{"line":58,"column":8},"end":{"line":58,"column":26}},"40":{"start":{"line":61,"column":4},"end":{"line":66,"column":6}},"41":{"start":{"line":63,"column":8},"end":{"line":63,"column":56}},"42":{"start":{"line":65,"column":8},"end":{"line":65,"column":23}},"43":{"start":{"line":67,"column":4},"end":{"line":72,"column":6}},"44":{"start":{"line":69,"column":8},"end":{"line":69,"column":57}},"45":{"start":{"line":71,"column":8},"end":{"line":71,"column":27}},"46":{"start":{"line":76,"column":0},"end":{"line":117,"column":2}},"47":{"start":{"line":77,"column":4},"end":{"line":82,"column":6}},"48":{"start":{"line":78,"column":8},"end":{"line":78,"column":93}},"49":{"start":{"line":79,"column":8},"end":{"line":79,"column":28}},"50":{"start":{"line":80,"column":8},"end":{"line":80,"column":24}},"51":{"start":{"line":81,"column":8},"end":{"line":81,"column":51}},"52":{"start":{"line":83,"column":4},"end":{"line":99,"column":6}},"53":{"start":{"line":85,"column":8},"end":{"line":85,"column":90}},"54":{"start":{"line":87,"column":8},"end":{"line":87,"column":55}},"55":{"start":{"line":88,"column":8},"end":{"line":88,"column":26}},"56":{"start":{"line":90,"column":8},"end":{"line":90,"column":66}},"57":{"start":{"line":91,"column":8},"end":{"line":91,"column":69}},"58":{"start":{"line":92,"column":8},"end":{"line":92,"column":73}},"59":{"start":{"line":93,"column":8},"end":{"line":93,"column":78}},"60":{"start":{"line":94,"column":8},"end":{"line":94,"column":72}},"61":{"start":{"line":95,"column":8},"end":{"line":95,"column":87}},"62":{"start":{"line":96,"column":8},"end":{"line":96,"column":149}},"63":{"start":{"line":97,"column":8},"end":{"line":97,"column":84}},"64":{"start":{"line":98,"column":8},"end":{"line":98,"column":84}},"65":{"start":{"line":100,"column":4},"end":{"line":116,"column":6}},"66":{"start":{"line":102,"column":8},"end":{"line":102,"column":87}},"67":{"start":{"line":104,"column":8},"end":{"line":104,"column":55}},"68":{"start":{"line":105,"column":8},"end":{"line":105,"column":26}},"69":{"start":{"line":107,"column":8},"end":{"line":107,"column":69}},"70":{"start":{"line":108,"column":8},"end":{"line":108,"column":69}},"71":{"start":{"line":109,"column":8},"end":{"line":109,"column":73}},"72":{"start":{"line":110,"column":8},"end":{"line":110,"column":78}},"73":{"start":{"line":111,"column":8},"end":{"line":111,"column":71}},"74":{"start":{"line":112,"column":8},"end":{"line":112,"column":87}},"75":{"start":{"line":113,"column":8},"end":{"line":113,"column":149}},"76":{"start":{"line":114,"column":8},"end":{"line":114,"column":84}},"77":{"start":{"line":115,"column":8},"end":{"line":115,"column":81}},"78":{"start":{"line":120,"column":0},"end":{"line":140,"column":2}},"79":{"start":{"line":121,"column":4},"end":{"line":124,"column":6}},"80":{"start":{"line":122,"column":8},"end":{"line":122,"column":93}},"81":{"start":{"line":123,"column":8},"end":{"line":123,"column":28}},"82":{"start":{"line":125,"column":4},"end":{"line":139,"column":6}},"83":{"start":{"line":127,"column":8},"end":{"line":127,"column":88}},"84":{"start":{"line":128,"column":8},"end":{"line":128,"column":89}},"85":{"start":{"line":129,"column":8},"end":{"line":129,"column":103}},"86":{"start":{"line":130,"column":8},"end":{"line":130,"column":24}},"87":{"start":{"line":131,"column":8},"end":{"line":131,"column":51}},"88":{"start":{"line":132,"column":8},"end":{"line":132,"column":20}},"89":{"start":{"line":133,"column":8},"end":{"line":133,"column":52}},"90":{"start":{"line":134,"column":8},"end":{"line":134,"column":26}},"91":{"start":{"line":136,"column":8},"end":{"line":136,"column":23}},"92":{"start":{"line":138,"column":8},"end":{"line":138,"column":27}},"93":{"start":{"line":143,"column":0},"end":{"line":193,"column":2}},"94":{"start":{"line":144,"column":4},"end":{"line":149,"column":6}},"95":{"start":{"line":145,"column":8},"end":{"line":145,"column":93}},"96":{"start":{"line":146,"column":8},"end":{"line":146,"column":28}},"97":{"start":{"line":147,"column":8},"end":{"line":147,"column":24}},"98":{"start":{"line":148,"column":8},"end":{"line":148,"column":51}},"99":{"start":{"line":150,"column":4},"end":{"line":165,"column":6}},"100":{"start":{"line":152,"column":8},"end":{"line":152,"column":90}},"101":{"start":{"line":153,"column":8},"end":{"line":153,"column":107}},"102":{"start":{"line":156,"column":8},"end":{"line":156,"column":55}},"103":{"start":{"line":157,"column":8},"end":{"line":157,"column":26}},"104":{"start":{"line":159,"column":8},"end":{"line":159,"column":50}},"105":{"start":{"line":160,"column":8},"end":{"line":160,"column":27}},"106":{"start":{"line":161,"column":8},"end":{"line":161,"column":68}},"107":{"start":{"line":162,"column":8},"end":{"line":162,"column":67}},"108":{"start":{"line":163,"column":8},"end":{"line":163,"column":67}},"109":{"start":{"line":164,"column":8},"end":{"line":164,"column":26}},"110":{"start":{"line":166,"column":4},"end":{"line":175,"column":6}},"111":{"start":{"line":167,"column":8},"end":{"line":167,"column":107}},"112":{"start":{"line":168,"column":8},"end":{"line":168,"column":55}},"113":{"start":{"line":170,"column":8},"end":{"line":170,"column":27}},"114":{"start":{"line":171,"column":8},"end":{"line":171,"column":68}},"115":{"start":{"line":172,"column":8},"end":{"line":172,"column":67}},"116":{"start":{"line":173,"column":8},"end":{"line":173,"column":67}},"117":{"start":{"line":174,"column":8},"end":{"line":174,"column":26}},"118":{"start":{"line":176,"column":4},"end":{"line":183,"column":6}},"119":{"start":{"line":177,"column":8},"end":{"line":177,"column":107}},"120":{"start":{"line":178,"column":8},"end":{"line":178,"column":55}},"121":{"start":{"line":180,"column":8},"end":{"line":180,"column":27}},"122":{"start":{"line":181,"column":8},"end":{"line":181,"column":47}},"123":{"start":{"line":182,"column":8},"end":{"line":182,"column":26}},"124":{"start":{"line":185,"column":4},"end":{"line":192,"column":6}},"125":{"start":{"line":186,"column":8},"end":{"line":186,"column":107}},"126":{"start":{"line":187,"column":8},"end":{"line":187,"column":55}},"127":{"start":{"line":189,"column":8},"end":{"line":189,"column":27}},"128":{"start":{"line":190,"column":8},"end":{"line":190,"column":60}},"129":{"start":{"line":191,"column":8},"end":{"line":191,"column":48}}},"fnMap":{"0":{"name":"(anonymous_0)","decl":{"start":{"line":2,"column":23},"end":{"line":2,"column":24}},"loc":{"start":{"line":2,"column":29},"end":{"line":19,"column":1}},"line":2},"1":{"name":"(anonymous_1)","decl":{"start":{"line":3,"column":16},"end":{"line":3,"column":17}},"loc":{"start":{"line":3,"column":22},"end":{"line":6,"column":5}},"line":3},"2":{"name":"(anonymous_2)","decl":{"start":{"line":7,"column":41},"end":{"line":7,"column":42}},"loc":{"start":{"line":7,"column":47},"end":{"line":18,"column":5}},"line":7},"3":{"name":"(anonymous_3)","decl":{"start":{"line":21,"column":17},"end":{"line":21,"column":18}},"loc":{"start":{"line":21,"column":23},"end":{"line":31,"column":1}},"line":21},"4":{"name":"(anonymous_4)","decl":{"start":{"line":22,"column":16},"end":{"line":22,"column":17}},"loc":{"start":{"line":22,"column":22},"end":{"line":26,"column":5}},"line":22},"5":{"name":"(anonymous_5)","decl":{"start":{"line":27,"column":26},"end":{"line":27,"column":27}},"loc":{"start":{"line":27,"column":32},"end":{"line":30,"column":5}},"line":27},"6":{"name":"(anonymous_6)","decl":{"start":{"line":34,"column":17},"end":{"line":34,"column":18}},"loc":{"start":{"line":34,"column":23},"end":{"line":73,"column":1}},"line":34},"7":{"name":"(anonymous_7)","decl":{"start":{"line":35,"column":16},"end":{"line":35,"column":17}},"loc":{"start":{"line":35,"column":22},"end":{"line":40,"column":5}},"line":35},"8":{"name":"(anonymous_8)","decl":{"start":{"line":41,"column":23},"end":{"line":41,"column":24}},"loc":{"start":{"line":41,"column":29},"end":{"line":48,"column":5}},"line":41},"9":{"name":"(anonymous_9)","decl":{"start":{"line":49,"column":30},"end":{"line":49,"column":31}},"loc":{"start":{"line":49,"column":36},"end":{"line":53,"column":5}},"line":49},"10":{"name":"(anonymous_10)","decl":{"start":{"line":54,"column":38},"end":{"line":54,"column":39}},"loc":{"start":{"line":54,"column":44},"end":{"line":59,"column":5}},"line":54},"11":{"name":"(anonymous_11)","decl":{"start":{"line":61,"column":35},"end":{"line":61,"column":36}},"loc":{"start":{"line":61,"column":41},"end":{"line":66,"column":5}},"line":61},"12":{"name":"(anonymous_12)","decl":{"start":{"line":67,"column":39},"end":{"line":67,"column":40}},"loc":{"start":{"line":67,"column":45},"end":{"line":72,"column":5}},"line":67},"13":{"name":"(anonymous_13)","decl":{"start":{"line":76,"column":25},"end":{"line":76,"column":26}},"loc":{"start":{"line":76,"column":31},"end":{"line":117,"column":1}},"line":76},"14":{"name":"(anonymous_14)","decl":{"start":{"line":77,"column":16},"end":{"line":77,"column":17}},"loc":{"start":{"line":77,"column":22},"end":{"line":82,"column":5}},"line":77},"15":{"name":"(anonymous_15)","decl":{"start":{"line":83,"column":33},"end":{"line":83,"column":34}},"loc":{"start":{"line":83,"column":38},"end":{"line":99,"column":5}},"line":83},"16":{"name":"(anonymous_16)","decl":{"start":{"line":100,"column":27},"end":{"line":100,"column":28}},"loc":{"start":{"line":100,"column":32},"end":{"line":116,"column":5}},"line":100},"17":{"name":"(anonymous_17)","decl":{"start":{"line":120,"column":26},"end":{"line":120,"column":27}},"loc":{"start":{"line":120,"column":32},"end":{"line":140,"column":1}},"line":120},"18":{"name":"(anonymous_18)","decl":{"start":{"line":121,"column":16},"end":{"line":121,"column":17}},"loc":{"start":{"line":121,"column":22},"end":{"line":124,"column":5}},"line":121},"19":{"name":"(anonymous_19)","decl":{"start":{"line":125,"column":24},"end":{"line":125,"column":25}},"loc":{"start":{"line":125,"column":29},"end":{"line":139,"column":5}},"line":125},"20":{"name":"(anonymous_20)","decl":{"start":{"line":143,"column":27},"end":{"line":143,"column":28}},"loc":{"start":{"line":143,"column":33},"end":{"line":193,"column":1}},"line":143},"21":{"name":"(anonymous_21)","decl":{"start":{"line":144,"column":16},"end":{"line":144,"column":17}},"loc":{"start":{"line":144,"column":22},"end":{"line":149,"column":5}},"line":144},"22":{"name":"(anonymous_22)","decl":{"start":{"line":150,"column":31},"end":{"line":150,"column":32}},"loc":{"start":{"line":150,"column":36},"end":{"line":165,"column":5}},"line":150},"23":{"name":"(anonymous_23)","decl":{"start":{"line":166,"column":28},"end":{"line":166,"column":29}},"loc":{"start":{"line":166,"column":33},"end":{"line":175,"column":5}},"line":166},"24":{"name":"(anonymous_24)","decl":{"start":{"line":176,"column":26},"end":{"line":176,"column":27}},"loc":{"start":{"line":176,"column":31},"end":{"line":183,"column":5}},"line":176},"25":{"name":"(anonymous_25)","decl":{"start":{"line":185,"column":26},"end":{"line":185,"column":27}},"loc":{"start":{"line":185,"column":31},"end":{"line":192,"column":5}},"line":185}},"branchMap":{},"s":{"0":1,"1":1,"2":1,"3":1,"4":1,"5":1,"6":1,"7":1,"8":1,"9":1,"10":1,"11":1,"12":1,"13":1,"14":1,"15":1,"16":1,"17":1,"18":1,"19":1,"20":1,"21":1,"22":1,"23":1,"24":1,"25":5,"26":5,"27":5,"28":5,"29":1,"30":1,"31":1,"32":1,"33":1,"34":1,"35":1,"36":1,"37":1,"38":1,"39":1,"40":1,"41":1,"42":1,"43":1,"44":1,"45":1,"46":1,"47":1,"48":2,"49":2,"50":2,"51":2,"52":1,"53":1,"54":1,"55":1,"56":1,"57":1,"58":1,"59":1,"60":1,"61":1,"62":1,"63":1,"64":1,"65":1,"66":1,"67":1,"68":1,"69":1,"70":1,"71":1,"72":1,"73":1,"74":1,"75":1,"76":1,"77":1,"78":1,"79":1,"80":1,"81":1,"82":1,"83":1,"84":1,"85":1,"86":1,"87":1,"88":1,"89":1,"90":1,"91":1,"92":1,"93":1,"94":1,"95":4,"96":4,"97":4,"98":4,"99":1,"100":1,"101":1,"102":1,"103":1,"104":1,"105":1,"106":1,"107":1,"108":1,"109":1,"110":1,"111":1,"112":1,"113":1,"114":1,"115":1,"116":1,"117":1,"118":1,"119":1,"120":1,"121":1,"122":1,"123":1,"124":1,"125":1,"126":1,"127":1,"128":1,"129":1},"f":{"0":1,"1":1,"2":1,"3":1,"4":1,"5":1,"6":1,"7":5,"8":1,"9":1,"10":1,"11":1,"12":1,"13":1,"14":2,"15":1,"16":1,"17":1,"18":1,"19":1,"20":1,"21":4,"22":1,"23":1,"24":1,"25":1},"b":{},"_coverageSchema":"1a1c01bbd47fc00a2c39e90264f33305004495a9","hash":"1a0b02726a14e75a30bc10d257761d855abddfc4"}
,"E:\\UNQui\\CA Trabajo de Insercion Profesional\\mates4everWrong\\mates4ever\\cypress\\support\\commands.js": {"path":"E:\\UNQui\\CA Trabajo de Insercion Profesional\\mates4everWrong\\mates4ever\\cypress\\support\\commands.js","statementMap":{"0":{"start":{"line":27,"column":0},"end":{"line":36,"column":1}},"1":{"start":{"line":28,"column":8},"end":{"line":28,"column":96}},"2":{"start":{"line":29,"column":8},"end":{"line":29,"column":43}},"3":{"start":{"line":30,"column":8},"end":{"line":30,"column":21}},"4":{"start":{"line":31,"column":8},"end":{"line":31,"column":64}},"5":{"start":{"line":32,"column":8},"end":{"line":32,"column":72}},"6":{"start":{"line":33,"column":8},"end":{"line":33,"column":63}},"7":{"start":{"line":34,"column":8},"end":{"line":34,"column":56}},"8":{"start":{"line":38,"column":0},"end":{"line":42,"column":2}},"9":{"start":{"line":39,"column":4},"end":{"line":39,"column":62}},"10":{"start":{"line":40,"column":4},"end":{"line":40,"column":56}},"11":{"start":{"line":41,"column":4},"end":{"line":41,"column":59}},"12":{"start":{"line":44,"column":0},"end":{"line":48,"column":2}},"13":{"start":{"line":45,"column":4},"end":{"line":45,"column":61}},"14":{"start":{"line":46,"column":4},"end":{"line":46,"column":59}},"15":{"start":{"line":47,"column":4},"end":{"line":47,"column":59}},"16":{"start":{"line":50,"column":0},"end":{"line":54,"column":2}},"17":{"start":{"line":51,"column":4},"end":{"line":51,"column":62}},"18":{"start":{"line":52,"column":4},"end":{"line":52,"column":60}},"19":{"start":{"line":53,"column":4},"end":{"line":53,"column":59}}},"fnMap":{"0":{"name":"(anonymous_0)","decl":{"start":{"line":27,"column":40},"end":{"line":27,"column":41}},"loc":{"start":{"line":27,"column":45},"end":{"line":35,"column":5}},"line":27},"1":{"name":"(anonymous_1)","decl":{"start":{"line":38,"column":38},"end":{"line":38,"column":39}},"loc":{"start":{"line":38,"column":43},"end":{"line":42,"column":1}},"line":38},"2":{"name":"(anonymous_2)","decl":{"start":{"line":44,"column":35},"end":{"line":44,"column":36}},"loc":{"start":{"line":44,"column":40},"end":{"line":48,"column":1}},"line":44},"3":{"name":"(anonymous_3)","decl":{"start":{"line":50,"column":39},"end":{"line":50,"column":40}},"loc":{"start":{"line":50,"column":44},"end":{"line":54,"column":1}},"line":50}},"branchMap":{},"s":{"0":1,"1":14,"2":14,"3":14,"4":14,"5":14,"6":14,"7":14,"8":1,"9":5,"10":5,"11":5,"12":1,"13":3,"14":3,"15":3,"16":1,"17":3,"18":3,"19":3},"f":{"0":14,"1":5,"2":3,"3":3},"b":{},"_coverageSchema":"1a1c01bbd47fc00a2c39e90264f33305004495a9","hash":"20ddc827a6466a2c9b825f6e26e1534ecc994e59"}
,"E:\\UNQui\\CA Trabajo de Insercion Profesional\\mates4everWrong\\mates4ever\\cypress\\support\\e2e.js": {"path":"E:\\UNQui\\CA Trabajo de Insercion Profesional\\mates4everWrong\\mates4ever\\cypress\\support\\e2e.js","statementMap":{},"fnMap":{},"branchMap":{},"s":{},"f":{},"b":{},"_coverageSchema":"1a1c01bbd47fc00a2c39e90264f33305004495a9","hash":"6c30790ee65455ca86fb1ede74d9f9483162ec87"}
}
