{"C:\\Users\\anton\\Documents\\mates4ever\\cypress\\e2e\\integrations\\allTest.cy.js": {"path":"C:\\Users\\anton\\Documents\\mates4ever\\cypress\\e2e\\integrations\\allTest.cy.js","statementMap":{"0":{"start":{"line":21,"column":0},"end":{"line":31,"column":2}},"1":{"start":{"line":22,"column":4},"end":{"line":26,"column":6}},"2":{"start":{"line":23,"column":8},"end":{"line":23,"column":123}},"3":{"start":{"line":24,"column":8},"end":{"line":24,"column":28}},"4":{"start":{"line":25,"column":8},"end":{"line":25,"column":51}},"5":{"start":{"line":27,"column":4},"end":{"line":30,"column":6}},"6":{"start":{"line":28,"column":8},"end":{"line":28,"column":28}},"7":{"start":{"line":29,"column":8},"end":{"line":29,"column":69}},"8":{"start":{"line":34,"column":0},"end":{"line":83,"column":2}},"9":{"start":{"line":35,"column":4},"end":{"line":40,"column":6}},"10":{"start":{"line":36,"column":8},"end":{"line":36,"column":121}},"11":{"start":{"line":37,"column":8},"end":{"line":37,"column":28}},"12":{"start":{"line":38,"column":8},"end":{"line":38,"column":51}},"13":{"start":{"line":39,"column":8},"end":{"line":39,"column":27}},"14":{"start":{"line":41,"column":4},"end":{"line":48,"column":6}},"15":{"start":{"line":43,"column":8},"end":{"line":43,"column":26}},"16":{"start":{"line":45,"column":8},"end":{"line":45,"column":23}},"17":{"start":{"line":47,"column":8},"end":{"line":47,"column":27}},"18":{"start":{"line":49,"column":4},"end":{"line":51,"column":6}},"19":{"start":{"line":50,"column":8},"end":{"line":50,"column":55}},"20":{"start":{"line":52,"column":4},"end":{"line":61,"column":6}},"21":{"start":{"line":53,"column":8},"end":{"line":53,"column":55}},"22":{"start":{"line":55,"column":8},"end":{"line":55,"column":57}},"23":{"start":{"line":56,"column":8},"end":{"line":56,"column":132}},"24":{"start":{"line":57,"column":8},"end":{"line":57,"column":62}},"25":{"start":{"line":58,"column":8},"end":{"line":58,"column":30}},"26":{"start":{"line":60,"column":8},"end":{"line":60,"column":26}},"27":{"start":{"line":63,"column":4},"end":{"line":72,"column":6}},"28":{"start":{"line":64,"column":8},"end":{"line":64,"column":55}},"29":{"start":{"line":66,"column":8},"end":{"line":66,"column":56}},"30":{"start":{"line":67,"column":8},"end":{"line":67,"column":128}},"31":{"start":{"line":68,"column":8},"end":{"line":68,"column":62}},"32":{"start":{"line":69,"column":8},"end":{"line":69,"column":27}},"33":{"start":{"line":71,"column":8},"end":{"line":71,"column":23}},"34":{"start":{"line":73,"column":4},"end":{"line":82,"column":6}},"35":{"start":{"line":74,"column":8},"end":{"line":74,"column":55}},"36":{"start":{"line":76,"column":8},"end":{"line":76,"column":57}},"37":{"start":{"line":77,"column":8},"end":{"line":77,"column":135}},"38":{"start":{"line":78,"column":8},"end":{"line":78,"column":62}},"39":{"start":{"line":79,"column":8},"end":{"line":79,"column":28}},"40":{"start":{"line":81,"column":8},"end":{"line":81,"column":27}},"41":{"start":{"line":86,"column":0},"end":{"line":127,"column":2}},"42":{"start":{"line":87,"column":4},"end":{"line":92,"column":6}},"43":{"start":{"line":88,"column":8},"end":{"line":88,"column":118}},"44":{"start":{"line":89,"column":8},"end":{"line":89,"column":28}},"45":{"start":{"line":90,"column":8},"end":{"line":90,"column":24}},"46":{"start":{"line":91,"column":8},"end":{"line":91,"column":51}},"47":{"start":{"line":93,"column":4},"end":{"line":109,"column":6}},"48":{"start":{"line":95,"column":8},"end":{"line":95,"column":90}},"49":{"start":{"line":97,"column":8},"end":{"line":97,"column":55}},"50":{"start":{"line":98,"column":8},"end":{"line":98,"column":26}},"51":{"start":{"line":100,"column":8},"end":{"line":100,"column":66}},"52":{"start":{"line":101,"column":8},"end":{"line":101,"column":69}},"53":{"start":{"line":102,"column":8},"end":{"line":102,"column":73}},"54":{"start":{"line":103,"column":8},"end":{"line":103,"column":78}},"55":{"start":{"line":104,"column":8},"end":{"line":104,"column":72}},"56":{"start":{"line":105,"column":8},"end":{"line":105,"column":87}},"57":{"start":{"line":106,"column":8},"end":{"line":106,"column":149}},"58":{"start":{"line":107,"column":8},"end":{"line":107,"column":84}},"59":{"start":{"line":108,"column":8},"end":{"line":108,"column":84}},"60":{"start":{"line":110,"column":4},"end":{"line":126,"column":6}},"61":{"start":{"line":112,"column":8},"end":{"line":112,"column":87}},"62":{"start":{"line":114,"column":8},"end":{"line":114,"column":55}},"63":{"start":{"line":115,"column":8},"end":{"line":115,"column":26}},"64":{"start":{"line":117,"column":8},"end":{"line":117,"column":69}},"65":{"start":{"line":118,"column":8},"end":{"line":118,"column":69}},"66":{"start":{"line":119,"column":8},"end":{"line":119,"column":73}},"67":{"start":{"line":120,"column":8},"end":{"line":120,"column":78}},"68":{"start":{"line":121,"column":8},"end":{"line":121,"column":71}},"69":{"start":{"line":122,"column":8},"end":{"line":122,"column":87}},"70":{"start":{"line":123,"column":8},"end":{"line":123,"column":149}},"71":{"start":{"line":124,"column":8},"end":{"line":124,"column":84}},"72":{"start":{"line":125,"column":8},"end":{"line":125,"column":81}},"73":{"start":{"line":130,"column":0},"end":{"line":151,"column":2}},"74":{"start":{"line":131,"column":4},"end":{"line":134,"column":6}},"75":{"start":{"line":132,"column":8},"end":{"line":132,"column":118}},"76":{"start":{"line":133,"column":8},"end":{"line":133,"column":28}},"77":{"start":{"line":135,"column":4},"end":{"line":150,"column":6}},"78":{"start":{"line":137,"column":8},"end":{"line":137,"column":113}},"79":{"start":{"line":138,"column":8},"end":{"line":138,"column":114}},"80":{"start":{"line":139,"column":8},"end":{"line":139,"column":128}},"81":{"start":{"line":140,"column":8},"end":{"line":140,"column":24}},"82":{"start":{"line":141,"column":8},"end":{"line":141,"column":51}},"83":{"start":{"line":142,"column":8},"end":{"line":142,"column":20}},"84":{"start":{"line":143,"column":8},"end":{"line":143,"column":52}},"85":{"start":{"line":144,"column":8},"end":{"line":144,"column":55}},"86":{"start":{"line":145,"column":8},"end":{"line":145,"column":26}},"87":{"start":{"line":147,"column":8},"end":{"line":147,"column":23}},"88":{"start":{"line":149,"column":8},"end":{"line":149,"column":27}},"89":{"start":{"line":154,"column":0},"end":{"line":207,"column":2}},"90":{"start":{"line":155,"column":4},"end":{"line":160,"column":6}},"91":{"start":{"line":156,"column":8},"end":{"line":156,"column":118}},"92":{"start":{"line":157,"column":8},"end":{"line":157,"column":28}},"93":{"start":{"line":158,"column":8},"end":{"line":158,"column":24}},"94":{"start":{"line":159,"column":8},"end":{"line":159,"column":51}},"95":{"start":{"line":161,"column":4},"end":{"line":176,"column":6}},"96":{"start":{"line":163,"column":8},"end":{"line":163,"column":90}},"97":{"start":{"line":164,"column":8},"end":{"line":164,"column":107}},"98":{"start":{"line":167,"column":8},"end":{"line":167,"column":55}},"99":{"start":{"line":168,"column":8},"end":{"line":168,"column":26}},"100":{"start":{"line":170,"column":8},"end":{"line":170,"column":50}},"101":{"start":{"line":171,"column":8},"end":{"line":171,"column":27}},"102":{"start":{"line":172,"column":8},"end":{"line":172,"column":68}},"103":{"start":{"line":173,"column":8},"end":{"line":173,"column":67}},"104":{"start":{"line":174,"column":8},"end":{"line":174,"column":67}},"105":{"start":{"line":175,"column":8},"end":{"line":175,"column":26}},"106":{"start":{"line":177,"column":4},"end":{"line":187,"column":6}},"107":{"start":{"line":178,"column":8},"end":{"line":178,"column":107}},"108":{"start":{"line":179,"column":8},"end":{"line":179,"column":53}},"109":{"start":{"line":180,"column":8},"end":{"line":180,"column":56}},"110":{"start":{"line":182,"column":8},"end":{"line":182,"column":27}},"111":{"start":{"line":183,"column":8},"end":{"line":183,"column":68}},"112":{"start":{"line":184,"column":8},"end":{"line":184,"column":67}},"113":{"start":{"line":185,"column":8},"end":{"line":185,"column":67}},"114":{"start":{"line":186,"column":8},"end":{"line":186,"column":26}},"115":{"start":{"line":188,"column":4},"end":{"line":196,"column":6}},"116":{"start":{"line":189,"column":8},"end":{"line":189,"column":107}},"117":{"start":{"line":190,"column":8},"end":{"line":190,"column":53}},"118":{"start":{"line":191,"column":8},"end":{"line":191,"column":56}},"119":{"start":{"line":193,"column":8},"end":{"line":193,"column":27}},"120":{"start":{"line":194,"column":8},"end":{"line":194,"column":47}},"121":{"start":{"line":195,"column":8},"end":{"line":195,"column":26}},"122":{"start":{"line":198,"column":4},"end":{"line":206,"column":6}},"123":{"start":{"line":199,"column":8},"end":{"line":199,"column":107}},"124":{"start":{"line":200,"column":8},"end":{"line":200,"column":53}},"125":{"start":{"line":201,"column":8},"end":{"line":201,"column":56}},"126":{"start":{"line":203,"column":8},"end":{"line":203,"column":27}},"127":{"start":{"line":204,"column":8},"end":{"line":204,"column":60}},"128":{"start":{"line":205,"column":8},"end":{"line":205,"column":48}}},"fnMap":{"0":{"name":"(anonymous_0)","decl":{"start":{"line":21,"column":17},"end":{"line":21,"column":18}},"loc":{"start":{"line":21,"column":23},"end":{"line":31,"column":1}},"line":21},"1":{"name":"(anonymous_1)","decl":{"start":{"line":22,"column":16},"end":{"line":22,"column":17}},"loc":{"start":{"line":22,"column":22},"end":{"line":26,"column":5}},"line":22},"2":{"name":"(anonymous_2)","decl":{"start":{"line":27,"column":26},"end":{"line":27,"column":27}},"loc":{"start":{"line":27,"column":32},"end":{"line":30,"column":5}},"line":27},"3":{"name":"(anonymous_3)","decl":{"start":{"line":34,"column":17},"end":{"line":34,"column":18}},"loc":{"start":{"line":34,"column":23},"end":{"line":83,"column":1}},"line":34},"4":{"name":"(anonymous_4)","decl":{"start":{"line":35,"column":16},"end":{"line":35,"column":17}},"loc":{"start":{"line":35,"column":22},"end":{"line":40,"column":5}},"line":35},"5":{"name":"(anonymous_5)","decl":{"start":{"line":41,"column":23},"end":{"line":41,"column":24}},"loc":{"start":{"line":41,"column":29},"end":{"line":48,"column":5}},"line":41},"6":{"name":"(anonymous_6)","decl":{"start":{"line":49,"column":30},"end":{"line":49,"column":31}},"loc":{"start":{"line":49,"column":36},"end":{"line":51,"column":5}},"line":49},"7":{"name":"(anonymous_7)","decl":{"start":{"line":52,"column":38},"end":{"line":52,"column":39}},"loc":{"start":{"line":52,"column":44},"end":{"line":61,"column":5}},"line":52},"8":{"name":"(anonymous_8)","decl":{"start":{"line":63,"column":35},"end":{"line":63,"column":36}},"loc":{"start":{"line":63,"column":41},"end":{"line":72,"column":5}},"line":63},"9":{"name":"(anonymous_9)","decl":{"start":{"line":73,"column":39},"end":{"line":73,"column":40}},"loc":{"start":{"line":73,"column":45},"end":{"line":82,"column":5}},"line":73},"10":{"name":"(anonymous_10)","decl":{"start":{"line":86,"column":25},"end":{"line":86,"column":26}},"loc":{"start":{"line":86,"column":31},"end":{"line":127,"column":1}},"line":86},"11":{"name":"(anonymous_11)","decl":{"start":{"line":87,"column":16},"end":{"line":87,"column":17}},"loc":{"start":{"line":87,"column":22},"end":{"line":92,"column":5}},"line":87},"12":{"name":"(anonymous_12)","decl":{"start":{"line":93,"column":33},"end":{"line":93,"column":34}},"loc":{"start":{"line":93,"column":38},"end":{"line":109,"column":5}},"line":93},"13":{"name":"(anonymous_13)","decl":{"start":{"line":110,"column":27},"end":{"line":110,"column":28}},"loc":{"start":{"line":110,"column":32},"end":{"line":126,"column":5}},"line":110},"14":{"name":"(anonymous_14)","decl":{"start":{"line":130,"column":26},"end":{"line":130,"column":27}},"loc":{"start":{"line":130,"column":32},"end":{"line":151,"column":1}},"line":130},"15":{"name":"(anonymous_15)","decl":{"start":{"line":131,"column":16},"end":{"line":131,"column":17}},"loc":{"start":{"line":131,"column":22},"end":{"line":134,"column":5}},"line":131},"16":{"name":"(anonymous_16)","decl":{"start":{"line":135,"column":24},"end":{"line":135,"column":25}},"loc":{"start":{"line":135,"column":29},"end":{"line":150,"column":5}},"line":135},"17":{"name":"(anonymous_17)","decl":{"start":{"line":154,"column":27},"end":{"line":154,"column":28}},"loc":{"start":{"line":154,"column":33},"end":{"line":207,"column":1}},"line":154},"18":{"name":"(anonymous_18)","decl":{"start":{"line":155,"column":16},"end":{"line":155,"column":17}},"loc":{"start":{"line":155,"column":22},"end":{"line":160,"column":5}},"line":155},"19":{"name":"(anonymous_19)","decl":{"start":{"line":161,"column":31},"end":{"line":161,"column":32}},"loc":{"start":{"line":161,"column":36},"end":{"line":176,"column":5}},"line":161},"20":{"name":"(anonymous_20)","decl":{"start":{"line":177,"column":28},"end":{"line":177,"column":29}},"loc":{"start":{"line":177,"column":33},"end":{"line":187,"column":5}},"line":177},"21":{"name":"(anonymous_21)","decl":{"start":{"line":188,"column":26},"end":{"line":188,"column":27}},"loc":{"start":{"line":188,"column":31},"end":{"line":196,"column":5}},"line":188},"22":{"name":"(anonymous_22)","decl":{"start":{"line":198,"column":26},"end":{"line":198,"column":27}},"loc":{"start":{"line":198,"column":31},"end":{"line":206,"column":5}},"line":198}},"branchMap":{},"s":{"0":1,"1":1,"2":1,"3":1,"4":1,"5":1,"6":1,"7":1,"8":1,"9":1,"10":5,"11":5,"12":5,"13":5,"14":1,"15":1,"16":1,"17":1,"18":1,"19":1,"20":1,"21":1,"22":1,"23":1,"24":1,"25":1,"26":1,"27":1,"28":1,"29":1,"30":1,"31":1,"32":1,"33":1,"34":1,"35":1,"36":1,"37":1,"38":1,"39":1,"40":1,"41":1,"42":1,"43":2,"44":2,"45":2,"46":2,"47":1,"48":1,"49":1,"50":1,"51":1,"52":1,"53":1,"54":1,"55":1,"56":1,"57":1,"58":1,"59":1,"60":1,"61":1,"62":1,"63":1,"64":1,"65":1,"66":1,"67":1,"68":1,"69":1,"70":1,"71":1,"72":1,"73":1,"74":1,"75":1,"76":1,"77":1,"78":1,"79":1,"80":1,"81":1,"82":1,"83":1,"84":1,"85":1,"86":1,"87":1,"88":1,"89":1,"90":1,"91":4,"92":4,"93":4,"94":4,"95":1,"96":1,"97":1,"98":1,"99":1,"100":1,"101":1,"102":1,"103":1,"104":1,"105":1,"106":1,"107":1,"108":1,"109":1,"110":1,"111":1,"112":1,"113":1,"114":1,"115":1,"116":1,"117":1,"118":1,"119":1,"120":1,"121":1,"122":1,"123":1,"124":1,"125":1,"126":1,"127":1,"128":1},"f":{"0":1,"1":1,"2":1,"3":1,"4":5,"5":1,"6":1,"7":1,"8":1,"9":1,"10":1,"11":2,"12":1,"13":1,"14":1,"15":1,"16":1,"17":1,"18":4,"19":1,"20":1,"21":1,"22":1},"b":{},"_coverageSchema":"1a1c01bbd47fc00a2c39e90264f33305004495a9","hash":"92e1b494ea647edaafadb9e3c6596201f026b84f"}
,"C:\\Users\\anton\\Documents\\mates4ever\\cypress\\support\\commands.js": {"path":"C:\\Users\\anton\\Documents\\mates4ever\\cypress\\support\\commands.js","statementMap":{"0":{"start":{"line":27,"column":0},"end":{"line":36,"column":1}},"1":{"start":{"line":28,"column":8},"end":{"line":28,"column":96}},"2":{"start":{"line":29,"column":8},"end":{"line":29,"column":43}},"3":{"start":{"line":30,"column":8},"end":{"line":30,"column":21}},"4":{"start":{"line":31,"column":8},"end":{"line":31,"column":64}},"5":{"start":{"line":32,"column":8},"end":{"line":32,"column":72}},"6":{"start":{"line":33,"column":8},"end":{"line":33,"column":63}},"7":{"start":{"line":34,"column":8},"end":{"line":34,"column":56}},"8":{"start":{"line":38,"column":0},"end":{"line":42,"column":2}},"9":{"start":{"line":39,"column":4},"end":{"line":39,"column":62}},"10":{"start":{"line":40,"column":4},"end":{"line":40,"column":56}},"11":{"start":{"line":41,"column":4},"end":{"line":41,"column":59}},"12":{"start":{"line":44,"column":0},"end":{"line":48,"column":2}},"13":{"start":{"line":45,"column":4},"end":{"line":45,"column":61}},"14":{"start":{"line":46,"column":4},"end":{"line":46,"column":59}},"15":{"start":{"line":47,"column":4},"end":{"line":47,"column":59}},"16":{"start":{"line":50,"column":0},"end":{"line":54,"column":2}},"17":{"start":{"line":51,"column":4},"end":{"line":51,"column":62}},"18":{"start":{"line":52,"column":4},"end":{"line":52,"column":60}},"19":{"start":{"line":53,"column":4},"end":{"line":53,"column":59}}},"fnMap":{"0":{"name":"(anonymous_0)","decl":{"start":{"line":27,"column":40},"end":{"line":27,"column":41}},"loc":{"start":{"line":27,"column":45},"end":{"line":35,"column":5}},"line":27},"1":{"name":"(anonymous_1)","decl":{"start":{"line":38,"column":38},"end":{"line":38,"column":39}},"loc":{"start":{"line":38,"column":43},"end":{"line":42,"column":1}},"line":38},"2":{"name":"(anonymous_2)","decl":{"start":{"line":44,"column":35},"end":{"line":44,"column":36}},"loc":{"start":{"line":44,"column":40},"end":{"line":48,"column":1}},"line":44},"3":{"name":"(anonymous_3)","decl":{"start":{"line":50,"column":39},"end":{"line":50,"column":40}},"loc":{"start":{"line":50,"column":44},"end":{"line":54,"column":1}},"line":50}},"branchMap":{},"s":{"0":1,"1":13,"2":13,"3":13,"4":13,"5":13,"6":13,"7":13,"8":1,"9":5,"10":5,"11":5,"12":1,"13":3,"14":3,"15":3,"16":1,"17":3,"18":3,"19":3},"f":{"0":13,"1":5,"2":3,"3":3},"b":{},"_coverageSchema":"1a1c01bbd47fc00a2c39e90264f33305004495a9","hash":"c4e6af37b359f6e1cb9671e25e1af74d57201bde"}
,"C:\\Users\\anton\\Documents\\mates4ever\\cypress\\support\\e2e.js": {"path":"C:\\Users\\anton\\Documents\\mates4ever\\cypress\\support\\e2e.js","statementMap":{},"fnMap":{},"branchMap":{},"s":{},"f":{},"b":{},"_coverageSchema":"1a1c01bbd47fc00a2c39e90264f33305004495a9","hash":"d9cd7da61154f08c6c8491f95ad8771ab0c79188"}
}
