{"total": {"lines":{"total":150,"covered":150,"skipped":0,"pct":100},"statements":{"total":150,"covered":150,"skipped":0,"pct":100},"functions":{"total":30,"covered":30,"skipped":0,"pct":100},"branches":{"total":0,"covered":0,"skipped":0,"pct":100}}
,"E:\\UNQui\\CA Trabajo de Insercion Profesional\\mates4ever\\cypress\\e2e\\integrations\\allTest.cy.js": {"lines":{"total":130,"covered":130,"skipped":0,"pct":100},"functions":{"total":26,"covered":26,"skipped":0,"pct":100},"statements":{"total":130,"covered":130,"skipped":0,"pct":100},"branches":{"total":0,"covered":0,"skipped":0,"pct":100}}
,"E:\\UNQui\\CA Trabajo de Insercion Profesional\\mates4ever\\cypress\\support\\commands.js": {"lines":{"total":20,"covered":20,"skipped":0,"pct":100},"functions":{"total":4,"covered":4,"skipped":0,"pct":100},"statements":{"total":20,"covered":20,"skipped":0,"pct":100},"branches":{"total":0,"covered":0,"skipped":0,"pct":100}}
,"E:\\UNQui\\CA Trabajo de Insercion Profesional\\mates4ever\\cypress\\support\\e2e.js": {"lines":{"total":0,"covered":0,"skipped":0,"pct":0},"functions":{"total":0,"covered":0,"skipped":0,"pct":0},"statements":{"total":0,"covered":0,"skipped":0,"pct":0},"branches":{"total":0,"covered":0,"skipped":0,"pct":0}}
}
