TN:
SF:cypress\e2e\integrations\allTest.cy.js
FN:21,(anonymous_0)
FN:22,(anonymous_1)
FN:27,(anonymous_2)
FN:34,(anonymous_3)
FN:35,(anonymous_4)
FN:41,(anonymous_5)
FN:49,(anonymous_6)
FN:52,(anonymous_7)
FN:63,(anonymous_8)
FN:73,(anonymous_9)
FN:86,(anonymous_10)
FN:87,(anonymous_11)
FN:93,(anonymous_12)
FN:110,(anonymous_13)
FN:130,(anonymous_14)
FN:131,(anonymous_15)
FN:135,(anonymous_16)
FN:154,(anonymous_17)
FN:155,(anonymous_18)
FN:161,(anonymous_19)
FN:177,(anonymous_20)
FN:188,(anonymous_21)
FN:198,(anonymous_22)
FNF:23
FNH:23
FNDA:1,(anonymous_0)
FNDA:1,(anonymous_1)
FNDA:1,(anonymous_2)
FNDA:1,(anonymous_3)
FNDA:5,(anonymous_4)
FNDA:1,(anonymous_5)
FNDA:1,(anonymous_6)
FNDA:1,(anonymous_7)
FNDA:1,(anonymous_8)
FNDA:1,(anonymous_9)
FNDA:1,(anonymous_10)
FNDA:2,(anonymous_11)
FNDA:1,(anonymous_12)
FNDA:1,(anonymous_13)
FNDA:1,(anonymous_14)
FNDA:1,(anonymous_15)
FNDA:1,(anonymous_16)
FNDA:1,(anonymous_17)
FNDA:4,(anonymous_18)
FNDA:1,(anonymous_19)
FNDA:1,(anonymous_20)
FNDA:1,(anonymous_21)
FNDA:1,(anonymous_22)
DA:21,1
DA:22,1
DA:23,1
DA:24,1
DA:25,1
DA:27,1
DA:28,1
DA:29,1
DA:34,1
DA:35,1
DA:36,5
DA:37,5
DA:38,5
DA:39,5
DA:41,1
DA:43,1
DA:45,1
DA:47,1
DA:49,1
DA:50,1
DA:52,1
DA:53,1
DA:55,1
DA:56,1
DA:57,1
DA:58,1
DA:60,1
DA:63,1
DA:64,1
DA:66,1
DA:67,1
DA:68,1
DA:69,1
DA:71,1
DA:73,1
DA:74,1
DA:76,1
DA:77,1
DA:78,1
DA:79,1
DA:81,1
DA:86,1
DA:87,1
DA:88,2
DA:89,2
DA:90,2
DA:91,2
DA:93,1
DA:95,1
DA:97,1
DA:98,1
DA:100,1
DA:101,1
DA:102,1
DA:103,1
DA:104,1
DA:105,1
DA:106,1
DA:107,1
DA:108,1
DA:110,1
DA:112,1
DA:114,1
DA:115,1
DA:117,1
DA:118,1
DA:119,1
DA:120,1
DA:121,1
DA:122,1
DA:123,1
DA:124,1
DA:125,1
DA:130,1
DA:131,1
DA:132,1
DA:133,1
DA:135,1
DA:137,1
DA:138,1
DA:139,1
DA:140,1
DA:141,1
DA:142,1
DA:143,1
DA:144,1
DA:145,1
DA:147,1
DA:149,1
DA:154,1
DA:155,1
DA:156,4
DA:157,4
DA:158,4
DA:159,4
DA:161,1
DA:163,1
DA:164,1
DA:167,1
DA:168,1
DA:170,1
DA:171,1
DA:172,1
DA:173,1
DA:174,1
DA:175,1
DA:177,1
DA:178,1
DA:179,1
DA:180,1
DA:182,1
DA:183,1
DA:184,1
DA:185,1
DA:186,1
DA:188,1
DA:189,1
DA:190,1
DA:191,1
DA:193,1
DA:194,1
DA:195,1
DA:198,1
DA:199,1
DA:200,1
DA:201,1
DA:203,1
DA:204,1
DA:205,1
LF:129
LH:129
BRF:0
BRH:0
end_of_record
TN:
SF:cypress\support\commands.js
FN:27,(anonymous_0)
FN:38,(anonymous_1)
FN:44,(anonymous_2)
FN:50,(anonymous_3)
FNF:4
FNH:4
FNDA:13,(anonymous_0)
FNDA:5,(anonymous_1)
FNDA:3,(anonymous_2)
FNDA:3,(anonymous_3)
DA:27,1
DA:28,13
DA:29,13
DA:30,13
DA:31,13
DA:32,13
DA:33,13
DA:34,13
DA:38,1
DA:39,5
DA:40,5
DA:41,5
DA:44,1
DA:45,3
DA:46,3
DA:47,3
DA:50,1
DA:51,3
DA:52,3
DA:53,3
LF:20
LH:20
BRF:0
BRH:0
end_of_record
TN:
SF:cypress\support\e2e.js
FNF:0
FNH:0
LF:0
LH:0
BRF:0
BRH:0
end_of_record
